<?xml version="1.0" encoding="UTF-8"?>
<testsuite name="Test" tests="2" skipped="0" failures="0" errors="0" timestamp="2021-09-24T16:01:08" hostname="MSI" time="0.028">
  <properties/>
  <testcase name="testCut" classname="Test" time="0.027"/>
  <testcase name="testIntersect" classname="Test" time="0.0"/>
  <system-out><![CDATA[]]></system-out>
  <system-err><![CDATA[]]></system-err>
</testsuite>
