<?xml version="1.0" encoding="UTF-8"?>
<testsuite name="com.h0tk3y.spbsu.kotlin.course.lesson1.Test" tests="1" skipped="0" failures="0" errors="0" timestamp="2021-09-24T15:32:50" hostname="MSI" time="0.004">
  <properties/>
  <testcase name="testFactorial" classname="com.h0tk3y.spbsu.kotlin.course.lesson1.Test" time="0.004"/>
  <system-out><![CDATA[]]></system-out>
  <system-err><![CDATA[]]></system-err>
</testsuite>
