<?xml version="1.0" encoding="UTF-8"?>
<testsuite name="com.h0tk3y.spbsu.kotlin.course.lesson1.Test" tests="1" skipped="0" failures="0" errors="0" timestamp="2021-09-22T02:08:55" hostname="MSI" time="0.026">
  <properties/>
  <testcase name="testFibonacci" classname="com.h0tk3y.spbsu.kotlin.course.lesson1.Test" time="0.026"/>
  <system-out><![CDATA[]]></system-out>
  <system-err><![CDATA[]]></system-err>
</testsuite>
